<?xml version="1.0" encoding="UTF-8"?>
<testng-results ignored="0" total="1" passed="1" failed="0" skipped="0">
  <reporter-output>
    <line>
      <![CDATA[Sending Username.....]]>
    </line>
    <line>
      <![CDATA[Sending Password.....]]>
    </line>
    <line>
      <![CDATA[Clicking on login button]]>
    </line>
    <line>
      <![CDATA[Sending pin.....]]>
    </line>
    <line>
      <![CDATA[logged in successfully]]>
    </line>
    <line>
      <![CDATA[Actual and Expected UserId Are matching,TC is Passed]]>
    </line>
    <line>
      <![CDATA[Success TC name is ValidateKiteUserID]]>
    </line>
  </reporter-output>
  <suite started-at="2022-06-28T11:13:00 GMT-11:00" name="Suite" finished-at="2022-06-28T11:13:12 GMT-11:00" duration-ms="11778">
    <groups>
    </groups>
    <test started-at="2022-06-28T11:13:00 GMT-11:00" name="Test" finished-at="2022-06-28T11:13:12 GMT-11:00" duration-ms="11778">
      <class name="kiteAppTest.TestClassUsingProperty">
        <test-method is-config="true" signature="OpenBrowser()[pri:0, instance:kiteAppTest.TestClassUsingProperty@229c6181]" started-at="2022-06-28T11:13:00 GMT-11:00" name="OpenBrowser" finished-at="2022-06-28T11:13:08 GMT-11:00" duration-ms="7366" status="PASS">
          <reporter-output>
          </reporter-output>
        </test-method> <!-- OpenBrowser -->
        <test-method is-config="true" signature="KiteLogin()[pri:0, instance:kiteAppTest.TestClassUsingProperty@229c6181]" started-at="2022-06-28T11:13:08 GMT-11:00" name="KiteLogin" finished-at="2022-06-28T11:13:08 GMT-11:00" duration-ms="525" status="PASS">
          <reporter-output>
            <line>
              <![CDATA[Sending Username.....]]>
            </line>
            <line>
              <![CDATA[Sending Password.....]]>
            </line>
            <line>
              <![CDATA[Clicking on login button]]>
            </line>
            <line>
              <![CDATA[Sending pin.....]]>
            </line>
            <line>
              <![CDATA[logged in successfully]]>
            </line>
          </reporter-output>
        </test-method> <!-- KiteLogin -->
        <test-method signature="ValidateKiteUserID()[pri:0, instance:kiteAppTest.TestClassUsingProperty@229c6181]" started-at="2022-06-28T11:13:08 GMT-11:00" name="ValidateKiteUserID" finished-at="2022-06-28T11:13:10 GMT-11:00" duration-ms="1503" status="PASS">
          <reporter-output>
            <line>
              <![CDATA[Actual and Expected UserId Are matching,TC is Passed]]>
            </line>
            <line>
              <![CDATA[Success TC name is ValidateKiteUserID]]>
            </line>
          </reporter-output>
        </test-method> <!-- ValidateKiteUserID -->
        <test-method is-config="true" signature="logout()[pri:0, instance:kiteAppTest.TestClassUsingProperty@229c6181]" started-at="2022-06-28T11:13:11 GMT-11:00" name="logout" finished-at="2022-06-28T11:13:12 GMT-11:00" duration-ms="1148" status="PASS">
          <reporter-output>
          </reporter-output>
        </test-method> <!-- logout -->
        <test-method is-config="true" signature="closebrowser()[pri:0, instance:kiteAppTest.TestClassUsingProperty@229c6181]" started-at="2022-06-28T11:13:12 GMT-11:00" name="closebrowser" finished-at="2022-06-28T11:13:12 GMT-11:00" duration-ms="218" status="PASS">
          <reporter-output>
          </reporter-output>
        </test-method> <!-- closebrowser -->
      </class> <!-- kiteAppTest.TestClassUsingProperty -->
    </test> <!-- Test -->
  </suite> <!-- Suite -->
</testng-results>
