<?xml version="1.0" encoding="UTF-8"?>
<!-- Generated by org.testng.reporters.JUnitXMLReporter -->
<testsuite ignored="6" hostname="DESKTOP-H4443VU" failures="0" tests="8" name="Testname1" time="0.183" errors="0" timestamp="2022-06-15T14:32:16 GMT-11:00">
  <testcase classname="testNG.DependOnMethodStudy" name="mymethod2" time="0.006"/>
  <testcase classname="testNG.DependOnMethodStudy" name="mymethod1" time="0.002"/>
  <testcase classname="testNG.InvocationCountStudy" name="method2" time="0.005"/>
  <testcase classname="testNG.InvocationCountStudy" name="method3" time="0.002"/>
  <testcase classname="testNG.EnableStudy" name="mymethod4" time="0.004"/>
  <testcase classname="testNG.EnableStudy" name="mymethod2" time="0.006"/>
  <testcase classname="testNG.EnableStudy" name="mymethod1" time="0.004"/>
  <testcase classname="testNG.AnnotationStudy" name="mymethod" time="0.008"/>
  <testcase classname="testNG.EnableStudy" name="mymethod5" time="0.0">
    <ignored/>
  </testcase> <!-- mymethod5 -->
  <testcase classname="testNG.DependOnMethodStudy" name="mymethod5" time="0.0">
    <ignored/>
  </testcase> <!-- mymethod5 -->
  <testcase classname="testNG.InvocationCountStudy" name="method1" time="0.0">
    <ignored/>
  </testcase> <!-- method1 -->
  <testcase classname="testNG.DependOnMethodStudy" name="mymethod4" time="0.0">
    <ignored/>
  </testcase> <!-- mymethod4 -->
  <testcase classname="testNG.DependOnMethodStudy" name="mymethod3" time="0.0">
    <ignored/>
  </testcase> <!-- mymethod3 -->
  <testcase classname="testNG.EnableStudy" name="mymethod3" time="0.0">
    <ignored/>
  </testcase> <!-- mymethod3 -->
</testsuite> <!-- Testname1 -->
