<?xml version="1.0" encoding="UTF-8"?>
<!-- Generated by org.testng.reporters.JUnitXMLReporter -->
<testsuite ignored="3" hostname="DESKTOP-H4443VU" failures="2" tests="2" name="Test(failed)" time="0.115" errors="0" timestamp="2022-06-15T14:59:13 GMT-11:00">
  <testcase classname="testNGXmlStudy.FailedXMLStudy" name="mymethod2" time="0.02">
    <failure type="java.lang.AssertionError" message="null">
      <![CDATA[java.lang.AssertionError: null
at testNGXmlStudy.FailedXMLStudy.mymethod2(FailedXMLStudy.java:17)
at java.base/java.util.ArrayList.forEach(ArrayList.java:1541)
... Removed 29 stack frames]]>
    </failure>
  </testcase> <!-- mymethod2 -->
  <testcase classname="testNGXmlStudy.FailedXMLStudy" name="mymethod5" time="0.003">
    <failure type="java.lang.AssertionError" message="null">
      <![CDATA[java.lang.AssertionError: null
at testNGXmlStudy.FailedXMLStudy.mymethod5(FailedXMLStudy.java:33)
at java.base/java.util.ArrayList.forEach(ArrayList.java:1541)
... Removed 29 stack frames]]>
    </failure>
  </testcase> <!-- mymethod5 -->
  <testcase classname="testNGXmlStudy.FailedXMLStudy" name="mymethod1" time="0.0">
    <ignored/>
  </testcase> <!-- mymethod1 -->
  <testcase classname="testNGXmlStudy.FailedXMLStudy" name="mymethod3" time="0.0">
    <ignored/>
  </testcase> <!-- mymethod3 -->
  <testcase classname="testNGXmlStudy.FailedXMLStudy" name="mymethod4" time="0.0">
    <ignored/>
  </testcase> <!-- mymethod4 -->
</testsuite> <!-- Test(failed) -->
